hadd Target file: /nfs/dust/cms/user/skottkej/TopSubstructure/Selection/Post_kin_full_sel_test/uhh2.AnalysisModuleRunner.MC.TTbar_Mtt0700to1000.root
hadd compression setting for all ouput: 1
hadd Source file 1: /nfs/dust/cms/user/skottkej/TopSubstructure/Selection/Post_kin_full_sel_test/SelMuPostkin_workdir/uhh2.AnalysisModuleRunner.MC.TTbar_Mtt0700to1000_0.root
hadd Source file 2: /nfs/dust/cms/user/skottkej/TopSubstructure/Selection/Post_kin_full_sel_test/SelMuPostkin_workdir/uhh2.AnalysisModuleRunner.MC.TTbar_Mtt0700to1000_1.root
hadd Source file 3: /nfs/dust/cms/user/skottkej/TopSubstructure/Selection/Post_kin_full_sel_test/SelMuPostkin_workdir/uhh2.AnalysisModuleRunner.MC.TTbar_Mtt0700to1000_2.root
hadd Source file 4: /nfs/dust/cms/user/skottkej/TopSubstructure/Selection/Post_kin_full_sel_test/SelMuPostkin_workdir/uhh2.AnalysisModuleRunner.MC.TTbar_Mtt0700to1000_3.root
hadd Source file 5: /nfs/dust/cms/user/skottkej/TopSubstructure/Selection/Post_kin_full_sel_test/SelMuPostkin_workdir/uhh2.AnalysisModuleRunner.MC.TTbar_Mtt0700to1000_4.root
hadd Source file 6: /nfs/dust/cms/user/skottkej/TopSubstructure/Selection/Post_kin_full_sel_test/SelMuPostkin_workdir/uhh2.AnalysisModuleRunner.MC.TTbar_Mtt0700to1000_5.root
hadd Source file 7: /nfs/dust/cms/user/skottkej/TopSubstructure/Selection/Post_kin_full_sel_test/SelMuPostkin_workdir/uhh2.AnalysisModuleRunner.MC.TTbar_Mtt0700to1000_6.root
hadd Source file 8: /nfs/dust/cms/user/skottkej/TopSubstructure/Selection/Post_kin_full_sel_test/SelMuPostkin_workdir/uhh2.AnalysisModuleRunner.MC.TTbar_Mtt0700to1000_7.root
hadd Source file 9: /nfs/dust/cms/user/skottkej/TopSubstructure/Selection/Post_kin_full_sel_test/SelMuPostkin_workdir/uhh2.AnalysisModuleRunner.MC.TTbar_Mtt0700to1000_8.root
hadd Source file 10: /nfs/dust/cms/user/skottkej/TopSubstructure/Selection/Post_kin_full_sel_test/SelMuPostkin_workdir/uhh2.AnalysisModuleRunner.MC.TTbar_Mtt0700to1000_9.root
hadd Source file 11: /nfs/dust/cms/user/skottkej/TopSubstructure/Selection/Post_kin_full_sel_test/SelMuPostkin_workdir/uhh2.AnalysisModuleRunner.MC.TTbar_Mtt0700to1000_10.root
hadd Source file 12: /nfs/dust/cms/user/skottkej/TopSubstructure/Selection/Post_kin_full_sel_test/SelMuPostkin_workdir/uhh2.AnalysisModuleRunner.MC.TTbar_Mtt0700to1000_11.root
hadd Source file 13: /nfs/dust/cms/user/skottkej/TopSubstructure/Selection/Post_kin_full_sel_test/SelMuPostkin_workdir/uhh2.AnalysisModuleRunner.MC.TTbar_Mtt0700to1000_12.root
hadd Source file 14: /nfs/dust/cms/user/skottkej/TopSubstructure/Selection/Post_kin_full_sel_test/SelMuPostkin_workdir/uhh2.AnalysisModuleRunner.MC.TTbar_Mtt0700to1000_13.root
hadd Source file 15: /nfs/dust/cms/user/skottkej/TopSubstructure/Selection/Post_kin_full_sel_test/SelMuPostkin_workdir/uhh2.AnalysisModuleRunner.MC.TTbar_Mtt0700to1000_14.root
hadd Source file 16: /nfs/dust/cms/user/skottkej/TopSubstructure/Selection/Post_kin_full_sel_test/SelMuPostkin_workdir/uhh2.AnalysisModuleRunner.MC.TTbar_Mtt0700to1000_15.root
hadd Source file 17: /nfs/dust/cms/user/skottkej/TopSubstructure/Selection/Post_kin_full_sel_test/SelMuPostkin_workdir/uhh2.AnalysisModuleRunner.MC.TTbar_Mtt0700to1000_16.root
hadd Source file 18: /nfs/dust/cms/user/skottkej/TopSubstructure/Selection/Post_kin_full_sel_test/SelMuPostkin_workdir/uhh2.AnalysisModuleRunner.MC.TTbar_Mtt0700to1000_17.root
hadd Source file 19: /nfs/dust/cms/user/skottkej/TopSubstructure/Selection/Post_kin_full_sel_test/SelMuPostkin_workdir/uhh2.AnalysisModuleRunner.MC.TTbar_Mtt0700to1000_18.root
hadd Target path: /nfs/dust/cms/user/skottkej/TopSubstructure/Selection/Post_kin_full_sel_test/uhh2.AnalysisModuleRunner.MC.TTbar_Mtt0700to1000.root:/
hadd Target path: /nfs/dust/cms/user/skottkej/TopSubstructure/Selection/Post_kin_full_sel_test/uhh2.AnalysisModuleRunner.MC.TTbar_Mtt0700to1000.root:/gen_pt_topjet
hadd Target path: /nfs/dust/cms/user/skottkej/TopSubstructure/Selection/Post_kin_full_sel_test/uhh2.AnalysisModuleRunner.MC.TTbar_Mtt0700to1000.root:/gen_pt_topjet_matched
hadd Target path: /nfs/dust/cms/user/skottkej/TopSubstructure/Selection/Post_kin_full_sel_test/uhh2.AnalysisModuleRunner.MC.TTbar_Mtt0700to1000.root:/gen_pt_topjet_unmatched
hadd Target path: /nfs/dust/cms/user/skottkej/TopSubstructure/Selection/Post_kin_full_sel_test/uhh2.AnalysisModuleRunner.MC.TTbar_Mtt0700to1000.root:/gen_ntopjet2
hadd Target path: /nfs/dust/cms/user/skottkej/TopSubstructure/Selection/Post_kin_full_sel_test/uhh2.AnalysisModuleRunner.MC.TTbar_Mtt0700to1000.root:/gen_ntopjet2_matched
hadd Target path: /nfs/dust/cms/user/skottkej/TopSubstructure/Selection/Post_kin_full_sel_test/uhh2.AnalysisModuleRunner.MC.TTbar_Mtt0700to1000.root:/gen_ntopjet2_unmatched
hadd Target path: /nfs/dust/cms/user/skottkej/TopSubstructure/Selection/Post_kin_full_sel_test/uhh2.AnalysisModuleRunner.MC.TTbar_Mtt0700to1000.root:/gen_dr
hadd Target path: /nfs/dust/cms/user/skottkej/TopSubstructure/Selection/Post_kin_full_sel_test/uhh2.AnalysisModuleRunner.MC.TTbar_Mtt0700to1000.root:/gen_dr_matched
hadd Target path: /nfs/dust/cms/user/skottkej/TopSubstructure/Selection/Post_kin_full_sel_test/uhh2.AnalysisModuleRunner.MC.TTbar_Mtt0700to1000.root:/gen_dr_unmatched
hadd Target path: /nfs/dust/cms/user/skottkej/TopSubstructure/Selection/Post_kin_full_sel_test/uhh2.AnalysisModuleRunner.MC.TTbar_Mtt0700to1000.root:/gen_mass
hadd Target path: /nfs/dust/cms/user/skottkej/TopSubstructure/Selection/Post_kin_full_sel_test/uhh2.AnalysisModuleRunner.MC.TTbar_Mtt0700to1000.root:/gen_mass_matched
hadd Target path: /nfs/dust/cms/user/skottkej/TopSubstructure/Selection/Post_kin_full_sel_test/uhh2.AnalysisModuleRunner.MC.TTbar_Mtt0700to1000.root:/gen_mass_unmatched
hadd Target path: /nfs/dust/cms/user/skottkej/TopSubstructure/Selection/Post_kin_full_sel_test/uhh2.AnalysisModuleRunner.MC.TTbar_Mtt0700to1000.root:/pt_topjet
hadd Target path: /nfs/dust/cms/user/skottkej/TopSubstructure/Selection/Post_kin_full_sel_test/uhh2.AnalysisModuleRunner.MC.TTbar_Mtt0700to1000.root:/pt_topjet_matched
hadd Target path: /nfs/dust/cms/user/skottkej/TopSubstructure/Selection/Post_kin_full_sel_test/uhh2.AnalysisModuleRunner.MC.TTbar_Mtt0700to1000.root:/pt_topjet_unmatched
hadd Target path: /nfs/dust/cms/user/skottkej/TopSubstructure/Selection/Post_kin_full_sel_test/uhh2.AnalysisModuleRunner.MC.TTbar_Mtt0700to1000.root:/ntopjet2
hadd Target path: /nfs/dust/cms/user/skottkej/TopSubstructure/Selection/Post_kin_full_sel_test/uhh2.AnalysisModuleRunner.MC.TTbar_Mtt0700to1000.root:/ntopjet2_matched
hadd Target path: /nfs/dust/cms/user/skottkej/TopSubstructure/Selection/Post_kin_full_sel_test/uhh2.AnalysisModuleRunner.MC.TTbar_Mtt0700to1000.root:/ntopjet2_unmatched
hadd Target path: /nfs/dust/cms/user/skottkej/TopSubstructure/Selection/Post_kin_full_sel_test/uhh2.AnalysisModuleRunner.MC.TTbar_Mtt0700to1000.root:/ntopjet1
hadd Target path: /nfs/dust/cms/user/skottkej/TopSubstructure/Selection/Post_kin_full_sel_test/uhh2.AnalysisModuleRunner.MC.TTbar_Mtt0700to1000.root:/ntopjet1_matched
hadd Target path: /nfs/dust/cms/user/skottkej/TopSubstructure/Selection/Post_kin_full_sel_test/uhh2.AnalysisModuleRunner.MC.TTbar_Mtt0700to1000.root:/ntopjet1_unmatched
hadd Target path: /nfs/dust/cms/user/skottkej/TopSubstructure/Selection/Post_kin_full_sel_test/uhh2.AnalysisModuleRunner.MC.TTbar_Mtt0700to1000.root:/dr
hadd Target path: /nfs/dust/cms/user/skottkej/TopSubstructure/Selection/Post_kin_full_sel_test/uhh2.AnalysisModuleRunner.MC.TTbar_Mtt0700to1000.root:/dr_matched
hadd Target path: /nfs/dust/cms/user/skottkej/TopSubstructure/Selection/Post_kin_full_sel_test/uhh2.AnalysisModuleRunner.MC.TTbar_Mtt0700to1000.root:/dr_unmatched
hadd Target path: /nfs/dust/cms/user/skottkej/TopSubstructure/Selection/Post_kin_full_sel_test/uhh2.AnalysisModuleRunner.MC.TTbar_Mtt0700to1000.root:/mass
hadd Target path: /nfs/dust/cms/user/skottkej/TopSubstructure/Selection/Post_kin_full_sel_test/uhh2.AnalysisModuleRunner.MC.TTbar_Mtt0700to1000.root:/mass_matched
hadd Target path: /nfs/dust/cms/user/skottkej/TopSubstructure/Selection/Post_kin_full_sel_test/uhh2.AnalysisModuleRunner.MC.TTbar_Mtt0700to1000.root:/mass_unmatched
hadd Target path: /nfs/dust/cms/user/skottkej/TopSubstructure/Selection/Post_kin_full_sel_test/uhh2.AnalysisModuleRunner.MC.TTbar_Mtt0700to1000.root:/passedgen_rec
hadd Target path: /nfs/dust/cms/user/skottkej/TopSubstructure/Selection/Post_kin_full_sel_test/uhh2.AnalysisModuleRunner.MC.TTbar_Mtt0700to1000.root:/passedrec_gen
hadd Target path: /nfs/dust/cms/user/skottkej/TopSubstructure/Selection/Post_kin_full_sel_test/uhh2.AnalysisModuleRunner.MC.TTbar_Mtt0700to1000.root:/ttbar_hist
hadd Target path: /nfs/dust/cms/user/skottkej/TopSubstructure/Selection/Post_kin_full_sel_test/uhh2.AnalysisModuleRunner.MC.TTbar_Mtt0700to1000.root:/SFrame
