hadd Target file: /nfs/dust/cms/user/skottkej/TopSubstructure/Selection/Post_kin_full_sel_test/uhh2.AnalysisModuleRunner.DATA.DATA_SingleMuonH.root
hadd compression setting for all ouput: 1
hadd Source file 1: /nfs/dust/cms/user/skottkej/TopSubstructure/Selection/Post_kin_full_sel_test/SelMuPostkin_workdir/uhh2.AnalysisModuleRunner.DATA.DATA_SingleMuonH_0.root
hadd Source file 2: /nfs/dust/cms/user/skottkej/TopSubstructure/Selection/Post_kin_full_sel_test/SelMuPostkin_workdir/uhh2.AnalysisModuleRunner.DATA.DATA_SingleMuonH_1.root
hadd Target path: /nfs/dust/cms/user/skottkej/TopSubstructure/Selection/Post_kin_full_sel_test/uhh2.AnalysisModuleRunner.DATA.DATA_SingleMuonH.root:/
hadd Target path: /nfs/dust/cms/user/skottkej/TopSubstructure/Selection/Post_kin_full_sel_test/uhh2.AnalysisModuleRunner.DATA.DATA_SingleMuonH.root:/gen_pt_topjet
hadd Target path: /nfs/dust/cms/user/skottkej/TopSubstructure/Selection/Post_kin_full_sel_test/uhh2.AnalysisModuleRunner.DATA.DATA_SingleMuonH.root:/gen_pt_topjet_matched
hadd Target path: /nfs/dust/cms/user/skottkej/TopSubstructure/Selection/Post_kin_full_sel_test/uhh2.AnalysisModuleRunner.DATA.DATA_SingleMuonH.root:/gen_pt_topjet_unmatched
hadd Target path: /nfs/dust/cms/user/skottkej/TopSubstructure/Selection/Post_kin_full_sel_test/uhh2.AnalysisModuleRunner.DATA.DATA_SingleMuonH.root:/gen_ntopjet2
hadd Target path: /nfs/dust/cms/user/skottkej/TopSubstructure/Selection/Post_kin_full_sel_test/uhh2.AnalysisModuleRunner.DATA.DATA_SingleMuonH.root:/gen_ntopjet2_matched
hadd Target path: /nfs/dust/cms/user/skottkej/TopSubstructure/Selection/Post_kin_full_sel_test/uhh2.AnalysisModuleRunner.DATA.DATA_SingleMuonH.root:/gen_ntopjet2_unmatched
hadd Target path: /nfs/dust/cms/user/skottkej/TopSubstructure/Selection/Post_kin_full_sel_test/uhh2.AnalysisModuleRunner.DATA.DATA_SingleMuonH.root:/gen_dr
hadd Target path: /nfs/dust/cms/user/skottkej/TopSubstructure/Selection/Post_kin_full_sel_test/uhh2.AnalysisModuleRunner.DATA.DATA_SingleMuonH.root:/gen_dr_matched
hadd Target path: /nfs/dust/cms/user/skottkej/TopSubstructure/Selection/Post_kin_full_sel_test/uhh2.AnalysisModuleRunner.DATA.DATA_SingleMuonH.root:/gen_dr_unmatched
hadd Target path: /nfs/dust/cms/user/skottkej/TopSubstructure/Selection/Post_kin_full_sel_test/uhh2.AnalysisModuleRunner.DATA.DATA_SingleMuonH.root:/gen_mass
hadd Target path: /nfs/dust/cms/user/skottkej/TopSubstructure/Selection/Post_kin_full_sel_test/uhh2.AnalysisModuleRunner.DATA.DATA_SingleMuonH.root:/gen_mass_matched
hadd Target path: /nfs/dust/cms/user/skottkej/TopSubstructure/Selection/Post_kin_full_sel_test/uhh2.AnalysisModuleRunner.DATA.DATA_SingleMuonH.root:/gen_mass_unmatched
hadd Target path: /nfs/dust/cms/user/skottkej/TopSubstructure/Selection/Post_kin_full_sel_test/uhh2.AnalysisModuleRunner.DATA.DATA_SingleMuonH.root:/pt_topjet
hadd Target path: /nfs/dust/cms/user/skottkej/TopSubstructure/Selection/Post_kin_full_sel_test/uhh2.AnalysisModuleRunner.DATA.DATA_SingleMuonH.root:/pt_topjet_matched
hadd Target path: /nfs/dust/cms/user/skottkej/TopSubstructure/Selection/Post_kin_full_sel_test/uhh2.AnalysisModuleRunner.DATA.DATA_SingleMuonH.root:/pt_topjet_unmatched
hadd Target path: /nfs/dust/cms/user/skottkej/TopSubstructure/Selection/Post_kin_full_sel_test/uhh2.AnalysisModuleRunner.DATA.DATA_SingleMuonH.root:/ntopjet2
hadd Target path: /nfs/dust/cms/user/skottkej/TopSubstructure/Selection/Post_kin_full_sel_test/uhh2.AnalysisModuleRunner.DATA.DATA_SingleMuonH.root:/ntopjet2_matched
hadd Target path: /nfs/dust/cms/user/skottkej/TopSubstructure/Selection/Post_kin_full_sel_test/uhh2.AnalysisModuleRunner.DATA.DATA_SingleMuonH.root:/ntopjet2_unmatched
hadd Target path: /nfs/dust/cms/user/skottkej/TopSubstructure/Selection/Post_kin_full_sel_test/uhh2.AnalysisModuleRunner.DATA.DATA_SingleMuonH.root:/ntopjet1
hadd Target path: /nfs/dust/cms/user/skottkej/TopSubstructure/Selection/Post_kin_full_sel_test/uhh2.AnalysisModuleRunner.DATA.DATA_SingleMuonH.root:/ntopjet1_matched
hadd Target path: /nfs/dust/cms/user/skottkej/TopSubstructure/Selection/Post_kin_full_sel_test/uhh2.AnalysisModuleRunner.DATA.DATA_SingleMuonH.root:/ntopjet1_unmatched
hadd Target path: /nfs/dust/cms/user/skottkej/TopSubstructure/Selection/Post_kin_full_sel_test/uhh2.AnalysisModuleRunner.DATA.DATA_SingleMuonH.root:/dr
hadd Target path: /nfs/dust/cms/user/skottkej/TopSubstructure/Selection/Post_kin_full_sel_test/uhh2.AnalysisModuleRunner.DATA.DATA_SingleMuonH.root:/dr_matched
hadd Target path: /nfs/dust/cms/user/skottkej/TopSubstructure/Selection/Post_kin_full_sel_test/uhh2.AnalysisModuleRunner.DATA.DATA_SingleMuonH.root:/dr_unmatched
hadd Target path: /nfs/dust/cms/user/skottkej/TopSubstructure/Selection/Post_kin_full_sel_test/uhh2.AnalysisModuleRunner.DATA.DATA_SingleMuonH.root:/mass
hadd Target path: /nfs/dust/cms/user/skottkej/TopSubstructure/Selection/Post_kin_full_sel_test/uhh2.AnalysisModuleRunner.DATA.DATA_SingleMuonH.root:/mass_matched
hadd Target path: /nfs/dust/cms/user/skottkej/TopSubstructure/Selection/Post_kin_full_sel_test/uhh2.AnalysisModuleRunner.DATA.DATA_SingleMuonH.root:/mass_unmatched
hadd Target path: /nfs/dust/cms/user/skottkej/TopSubstructure/Selection/Post_kin_full_sel_test/uhh2.AnalysisModuleRunner.DATA.DATA_SingleMuonH.root:/passedgen_rec
hadd Target path: /nfs/dust/cms/user/skottkej/TopSubstructure/Selection/Post_kin_full_sel_test/uhh2.AnalysisModuleRunner.DATA.DATA_SingleMuonH.root:/passedrec_gen
hadd Target path: /nfs/dust/cms/user/skottkej/TopSubstructure/Selection/Post_kin_full_sel_test/uhh2.AnalysisModuleRunner.DATA.DATA_SingleMuonH.root:/ttbar_hist
hadd Target path: /nfs/dust/cms/user/skottkej/TopSubstructure/Selection/Post_kin_full_sel_test/uhh2.AnalysisModuleRunner.DATA.DATA_SingleMuonH.root:/SFrame
